\BOOKMARK [1][-]{section.1}{Einleitung}{}% 1
\BOOKMARK [2][-]{subsection.1.1}{Anekdote}{section.1}% 2
\BOOKMARK [1][-]{section.2}{Theoretische Grundlagen}{}% 3
\BOOKMARK [2][-]{subsection.2.1}{Operationen auf Strings}{section.2}% 4
\BOOKMARK [2][-]{subsection.2.2}{Suffix-Tree}{section.2}% 5
\BOOKMARK [1][-]{section.3}{Idee der LZ78 Variante}{}% 6
\BOOKMARK [2][-]{subsection.3.1}{LZ78}{section.3}% 7
\BOOKMARK [2][-]{subsection.3.2}{LZ78 Variante}{section.3}% 8
\BOOKMARK [1][-]{section.4}{Faktorisierung mit LZ78V}{}% 9
\BOOKMARK [2][-]{subsection.4.1}{SDSL-lite}{section.4}% 10
\BOOKMARK [2][-]{subsection.4.2}{Suffix-Tree Konstruktion}{section.4}% 11
\BOOKMARK [2][-]{subsection.4.3}{Vektoren zur Faktorisierung}{section.4}% 12
\BOOKMARK [3][-]{subsubsection.4.3.1}{Bit-Vektor used}{subsection.4.3}% 13
\BOOKMARK [3][-]{subsubsection.4.3.2}{Int-Vektor factors}{subsection.4.3}% 14
\BOOKMARK [2][-]{subsection.4.4}{Abbruchbedingung der Faktorisierung}{section.4}% 15
\BOOKMARK [2][-]{subsection.4.5}{Faktoren erstellen}{section.4}% 16
\BOOKMARK [2][-]{subsection.4.6}{Beispiel}{section.4}% 17
\BOOKMARK [2][-]{subsection.4.7}{rank-Struktur auf used}{section.4}% 18
\BOOKMARK [2][-]{subsection.4.8}{Int-Vektor N}{section.4}% 19
\BOOKMARK [2][-]{subsection.4.9}{F\374llen von A1 und A2}{section.4}% 20
\BOOKMARK [3][-]{subsubsection.4.9.1}{Beispiel}{subsection.4.9}% 21
\BOOKMARK [1][-]{section.5}{Kodierung}{}% 22
\BOOKMARK [2][-]{subsection.5.1}{Kanonische Huffman Kodierung}{section.5}% 23
\BOOKMARK [3][-]{subsubsection.5.1.1}{Huffman-Tree}{subsection.5.1}% 24
\BOOKMARK [3][-]{subsubsection.5.1.2}{Min-Heap}{subsection.5.1}% 25
\BOOKMARK [1][-]{section.6}{Dekodierung}{}% 26
\BOOKMARK [1][-]{section.7}{Dekomprimierung}{}% 27
\BOOKMARK [1][-]{section.8}{Implementierung}{}% 28
\BOOKMARK [2][-]{subsection.8.1}{Faktorisierung}{section.8}% 29
\BOOKMARK [2][-]{subsection.8.2}{Kodierung/Dekodierung}{section.8}% 30
\BOOKMARK [1][-]{section.9}{Praktische Tests}{}% 31
\BOOKMARK [2][-]{subsection.9.1}{Suffix-Trees}{section.9}% 32
\BOOKMARK [3][-]{subsubsection.9.1.1}{Testumgebung}{subsection.9.1}% 33
\BOOKMARK [3][-]{subsubsection.9.1.2}{Durchf\374hrung}{subsection.9.1}% 34
\BOOKMARK [3][-]{subsubsection.9.1.3}{Ergebnisse}{subsection.9.1}% 35
\BOOKMARK [3][-]{subsubsection.9.1.4}{Auswertung}{subsection.9.1}% 36
\BOOKMARK [2][-]{subsection.9.2}{rank-Struktur}{section.9}% 37
\BOOKMARK [3][-]{subsubsection.9.2.1}{Testumgebung}{subsection.9.2}% 38
\BOOKMARK [3][-]{subsubsection.9.2.2}{Durchf\374hrung}{subsection.9.2}% 39
\BOOKMARK [3][-]{subsubsection.9.2.3}{Ergebnisse}{subsection.9.2}% 40
\BOOKMARK [3][-]{subsubsection.9.2.4}{Auswertung}{subsection.9.2}% 41
\BOOKMARK [2][-]{subsection.9.3}{Funktionstest}{section.9}% 42
\BOOKMARK [3][-]{subsubsection.9.3.1}{Testumgebung}{subsection.9.3}% 43
\BOOKMARK [3][-]{subsubsection.9.3.2}{Durchf\374hrung}{subsection.9.3}% 44
\BOOKMARK [3][-]{subsubsection.9.3.3}{Auswertung}{subsection.9.3}% 45
\BOOKMARK [1][-]{section.10}{Vergleiche}{}% 46
\BOOKMARK [2][-]{subsection.10.1}{Testumgebung}{section.10}% 47
\BOOKMARK [2][-]{subsection.10.2}{Durchf\374hrung}{section.10}% 48
\BOOKMARK [2][-]{subsection.10.3}{Ergebnisse}{section.10}% 49
\BOOKMARK [3][-]{subsubsection.10.3.1}{Auswertung}{subsection.10.3}% 50
\BOOKMARK [1][-]{section.11}{Fazit}{}% 51
\BOOKMARK [2][-]{subsection.11.1}{Bewertung}{section.11}% 52
\BOOKMARK [2][-]{subsection.11.2}{Ausblick}{section.11}% 53
\BOOKMARK [3][-]{subsubsection.11.2.1}{child-Operation}{subsection.11.2}% 54
\BOOKMARK [3][-]{subsubsection.11.2.2}{LZ78V-Tree}{subsection.11.2}% 55
\BOOKMARK [3][-]{subsubsection.11.2.3}{Einzigartige Zeichen}{subsection.11.2}% 56
\BOOKMARK [3][-]{subsubsection.11.2.4}{Kodierung}{subsection.11.2}% 57
